<?xml version="1.0" encoding="UTF-8"?>
<!-- Generated by org.testng.reporters.JUnitReportReporter -->
<testsuite hostname="DESKTOP-LFI4QP4" failures="0" tests="2" name="com.qa.fb.keyword.Login.LoginTest" time="138.856" errors="0" timestamp="2022-03-26T15:58:50 IST" skipped="0">
  <testcase classname="com.qa.fb.keyword.Login.LoginTest" name="signUpTest" time="130.257"/>
  <system-out/>
  <testcase classname="com.qa.fb.keyword.Login.LoginTest" name="loginTest" time="8.599"/>
  <system-out/>
</testsuite> <!-- com.qa.fb.keyword.Login.LoginTest -->
